Testing Non-Supporter...
Non-Supporter: Faltas Totais is hidden (Correct)
Testing Supporter...
Traceback (most recent call last):
  File "/app/verification/reproduce_issue.py", line 92, in <module>
    test_wrapped_hidden(page2, is_supporter=True, screenshot_path="verification/supporter_wrapped.png")
  File "/app/verification/reproduce_issue.py", line 73, in test_wrapped_hidden
    expect(freq_container).to_be_visible()
  File "/home/jules/.pyenv/versions/3.12.12/lib/python3.12/site-packages/playwright/sync_api/_generated.py", line 20424, in to_be_visible
    self._sync(self._impl_obj.to_be_visible(visible=visible, timeout=timeout))
  File "/home/jules/.pyenv/versions/3.12.12/lib/python3.12/site-packages/playwright/_impl/_sync_base.py", line 115, in _sync
    return task.result()
           ^^^^^^^^^^^^^
  File "/home/jules/.pyenv/versions/3.12.12/lib/python3.12/site-packages/playwright/_impl/_assertions.py", line 763, in to_be_visible
    await self._expect_impl(
  File "/home/jules/.pyenv/versions/3.12.12/lib/python3.12/site-packages/playwright/_impl/_assertions.py", line 83, in _expect_impl
    raise AssertionError(
AssertionError: Locator expected to be visible
Actual value: hidden
Call log:
  - Expect "to_be_visible" with timeout 5000ms
  - waiting for locator("#wr-freq-container")
    9 × locator resolved to <div id="wr-freq-container">…</div>
      - unexpected value "hidden"
